<?xml version="1.0" encoding="UTF-8"?>
<testsuite xmlns:xsi="http://www.w3.org/2001/XMLSchema-instance" xsi:noNamespaceSchemaLocation="https://maven.apache.org/surefire/maven-surefire-plugin/xsd/surefire-test-report.xsd" version="3.0.2" name="com.kk.LogTest" time="0.266" tests="1" errors="0" skipped="0" failures="0">
  <properties>
[...]
</properties>
  <testcase name="testLog" classname="com.kk.LogTest" time="0.036">
    <system-out><![CDATA[19:11:55,879 |-INFO in ch.qos.logback.classic.LoggerContext[default] - This is logback-classic version 1.5.12
19:11:55,881 |-INFO in ch.qos.logback.classic.util.ContextInitializer@1722011b - Here is a list of configurators discovered as a service, by rank: 
19:11:55,881 |-INFO in ch.qos.logback.classic.util.ContextInitializer@1722011b -   org.springframework.boot.logging.logback.RootLogLevelConfigurator
19:11:55,881 |-INFO in ch.qos.logback.classic.util.ContextInitializer@1722011b - They will be invoked in order until ExecutionStatus.DO_NOT_INVOKE_NEXT_IF_ANY is returned.
19:11:55,881 |-INFO in ch.qos.logback.classic.util.ContextInitializer@1722011b - Constructed configurator of type class org.springframework.boot.logging.logback.RootLogLevelConfigurator
19:11:55,888 |-INFO in ch.qos.logback.classic.util.ContextInitializer@1722011b - org.springframework.boot.logging.logback.RootLogLevelConfigurator.configure() call lasted 1 milliseconds. ExecutionStatus=INVOKE_NEXT_IF_ANY
19:11:55,888 |-INFO in ch.qos.logback.classic.util.ContextInitializer@1722011b - Trying to configure with ch.qos.logback.classic.joran.SerializedModelConfigurator
19:11:55,888 |-INFO in ch.qos.logback.classic.util.ContextInitializer@1722011b - Constructed configurator of type class ch.qos.logback.classic.joran.SerializedModelConfigurator
19:11:55,891 |-INFO in ch.qos.logback.classic.LoggerContext[default] - Could NOT find resource [logback-test.scmo]
19:11:55,892 |-INFO in ch.qos.logback.classic.LoggerContext[default] - Could NOT find resource [logback.scmo]
19:11:55,892 |-INFO in ch.qos.logback.classic.util.ContextInitializer@1722011b - ch.qos.logback.classic.joran.SerializedModelConfigurator.configure() call lasted 4 milliseconds. ExecutionStatus=INVOKE_NEXT_IF_ANY
19:11:55,892 |-INFO in ch.qos.logback.classic.util.ContextInitializer@1722011b - Trying to configure with ch.qos.logback.classic.util.DefaultJoranConfigurator
19:11:55,892 |-INFO in ch.qos.logback.classic.util.ContextInitializer@1722011b - Constructed configurator of type class ch.qos.logback.classic.util.DefaultJoranConfigurator
19:11:55,892 |-INFO in ch.qos.logback.classic.LoggerContext[default] - Could NOT find resource [logback-test.xml]
19:11:55,896 |-INFO in ch.qos.logback.classic.LoggerContext[default] - Found resource [logback.xml] at [file:/D:/web_ai_code/Web-ai-project-03/tlias-web-management/target/classes/logback.xml]
19:11:55,975 |-INFO in ch.qos.logback.core.model.processor.AppenderModelHandler - Processing appender named [CONSOLE]
19:11:55,975 |-INFO in ch.qos.logback.core.model.processor.AppenderModelHandler - About to instantiate appender of type [ch.qos.logback.core.ConsoleAppender]
19:11:55,981 |-INFO in ch.qos.logback.core.model.processor.ImplicitModelHandler - Assuming default type [ch.qos.logback.classic.encoder.PatternLayoutEncoder] for [encoder] property
19:11:56,005 |-ERROR in ch.qos.logback.core.pattern.parser.Compiler@57ad2aa7 - There is no conversion class registered for conversion word [pid]
19:11:56,005 |-ERROR in ch.qos.logback.core.pattern.parser.Compiler@57ad2aa7 - [pid] is not a valid conversion word
19:11:56,016 |-INFO in ch.qos.logback.core.model.processor.AppenderModelHandler - Processing appender named [FILE]
19:11:56,016 |-INFO in ch.qos.logback.core.model.processor.AppenderModelHandler - About to instantiate appender of type [ch.qos.logback.core.rolling.RollingFileAppender]
19:11:56,030 |-INFO in c.q.l.core.rolling.TimeBasedRollingPolicy@1530880511 - No compression will be used
19:11:56,031 |-INFO in c.q.l.core.rolling.TimeBasedRollingPolicy@1530880511 - Will use the pattern logs/tlias-%d{yyyy-MM-dd}.log for the active file
19:11:56,035 |-INFO in c.q.l.core.rolling.DefaultTimeBasedFileNamingAndTriggeringPolicy - The date pattern is 'yyyy-MM-dd' from file name pattern 'logs/tlias-%d{yyyy-MM-dd}.log'.
19:11:56,035 |-INFO in c.q.l.core.rolling.DefaultTimeBasedFileNamingAndTriggeringPolicy - Roll-over at midnight.
19:11:56,036 |-INFO in c.q.l.core.rolling.DefaultTimeBasedFileNamingAndTriggeringPolicy - Setting initial period to 2026-09-02T11:09:46.143Z
19:11:56,037 |-INFO in ch.qos.logback.core.model.processor.ImplicitModelHandler - Assuming default type [ch.qos.logback.classic.encoder.PatternLayoutEncoder] for [encoder] property
19:11:56,038 |-ERROR in ch.qos.logback.core.pattern.parser.Compiler@3e2059ae - There is no conversion class registered for conversion word [pid]
19:11:56,038 |-ERROR in ch.qos.logback.core.pattern.parser.Compiler@3e2059ae - [pid] is not a valid conversion word
19:11:56,041 |-INFO in ch.qos.logback.core.rolling.RollingFileAppender[FILE] - Active log file name: logs/tlias.log
19:11:56,041 |-INFO in ch.qos.logback.core.rolling.RollingFileAppender[FILE] - File property is set to [logs/tlias.log]
19:11:56,042 |-INFO in ch.qos.logback.classic.model.processor.RootLoggerModelHandler - Setting level of ROOT logger to INFO
19:11:56,042 |-INFO in ch.qos.logback.core.model.processor.AppenderRefModelHandler - Attaching appender named [CONSOLE] to Logger[ROOT]
19:11:56,042 |-INFO in ch.qos.logback.core.model.processor.AppenderRefModelHandler - Attaching appender named [FILE] to Logger[ROOT]
19:11:56,043 |-INFO in ch.qos.logback.classic.model.processor.LoggerModelHandler - Setting level of logger [com.kk.mapper] to DEBUG
19:11:56,045 |-INFO in ch.qos.logback.classic.model.processor.LoggerModelHandler - Setting additivity of logger [com.kk.mapper] to false
19:11:56,045 |-INFO in ch.qos.logback.core.model.processor.AppenderRefModelHandler - Attaching appender named [CONSOLE] to Logger[com.kk.mapper]
19:11:56,045 |-INFO in ch.qos.logback.core.model.processor.AppenderRefModelHandler - Attaching appender named [FILE] to Logger[com.kk.mapper]
19:11:56,045 |-INFO in ch.qos.logback.core.model.processor.DefaultProcessor@398dada8 - End of configuration.
19:11:56,046 |-INFO in ch.qos.logback.classic.joran.JoranConfigurator@7cb502c - Registering current configuration as safe fallback point
19:11:56,046 |-INFO in ch.qos.logback.classic.util.ContextInitializer@1722011b - ch.qos.logback.classic.util.DefaultJoranConfigurator.configure() call lasted 154 milliseconds. ExecutionStatus=DO_NOT_INVOKE_NEXT_IF_ANY

2026-09-02T19:11:56.077+08:00 INFO  %PARSER_ERROR[pid] --- [main] com.kk.LogTest                                     : 2026-09-02T19:11:56.076246300 : 开始计算...
2026-09-02T19:11:56.080+08:00 INFO  %PARSER_ERROR[pid] --- [main] com.kk.LogTest                                     : 计算结果为: 101
2026-09-02T19:11:56.080+08:00 INFO  %PARSER_ERROR[pid] --- [main] com.kk.LogTest                                     : 2026-09-02T19:11:56.080544600 结束计算...
]]></system-out>
  </testcase>
</testsuite>